# dune runtest
# OCAMLPARAM: unset
# Workspace root: /mnt/c/Users/Haxorouse/Documents/GitHub/fall2022/project4a
$ /usr/bin/nproc > /tmp/dunee3a07a.output 2> /dev/null
# Auto-detected concurrency: 16
# disable binary cache
$ /home/hax/.opam/4.12.0/bin/ocamlc.opt -config > /tmp/dunec91f23.output
# Dune context:
#  { name = "default"
#  ; kind = "default"
#  ; profile = Dyn
#  ; merlin = true
#  ; for_host = None
#  ; fdo_target_exe = None
#  ; build_dir = "default"
#  ; toplevel_path = Some External "/home/hax/.opam/4.12.0/lib/toplevel"
#  ; ocaml_bin = External "/home/hax/.opam/4.12.0/bin"
#  ; ocaml = Ok External "/home/hax/.opam/4.12.0/bin/ocaml"
#  ; ocamlc = External "/home/hax/.opam/4.12.0/bin/ocamlc.opt"
#  ; ocamlopt = Ok External "/home/hax/.opam/4.12.0/bin/ocamlopt.opt"
#  ; ocamldep = Ok External "/home/hax/.opam/4.12.0/bin/ocamldep.opt"
#  ; ocamlmklib = Ok External "/home/hax/.opam/4.12.0/bin/ocamlmklib.opt"
#  ; env =
#      map
#        { "DUNE_OCAML_HARDCODED" : "/home/hax/.opam/4.12.0/lib"
#        ; "DUNE_OCAML_STDLIB" : "/home/hax/.opam/4.12.0/lib/ocaml"
#        ; "DUNE_SOURCEROOT" :
#            "/mnt/c/Users/Haxorouse/Documents/GitHub/fall2022/project4a"
#        ; "INSIDE_DUNE" :
#            "/mnt/c/Users/Haxorouse/Documents/GitHub/fall2022/project4a/_build/default"
#        ; "OCAMLFIND_IGNORE_DUPS_IN" :
#            "/mnt/c/Users/Haxorouse/Documents/GitHub/fall2022/project4a/_build/install/default/lib"
#        ; "OCAMLPATH" :
#            "/mnt/c/Users/Haxorouse/Documents/GitHub/fall2022/project4a/_build/install/default/lib"
#        ; "OCAMLTOP_INCLUDE_PATH" :
#            "/mnt/c/Users/Haxorouse/Documents/GitHub/fall2022/project4a/_build/install/default/lib/toplevel"
#        ; "OCAML_COLOR" : "always"
#        ; "OPAMCOLOR" : "always"
#        }
#  ; findlib_path = [ External "/home/hax/.opam/4.12.0/lib" ]
#  ; arch_sixtyfour = true
#  ; natdynlink_supported = true
#  ; supports_shared_libraries = true
#  ; ocaml_config =
#      { version = "4.12.0"
#      ; standard_library_default = "/home/hax/.opam/4.12.0/lib/ocaml"
#      ; standard_library = "/home/hax/.opam/4.12.0/lib/ocaml"
#      ; standard_runtime = "the_standard_runtime_variable_was_deleted"
#      ; ccomp_type = "cc"
#      ; c_compiler = "gcc"
#      ; ocamlc_cflags = [ "-O2"; "-fno-strict-aliasing"; "-fwrapv"; "-fPIC" ]
#      ; ocamlc_cppflags = [ "-D_FILE_OFFSET_BITS=64"; "-D_REENTRANT" ]
#      ; ocamlopt_cflags =
#          [ "-O2"; "-fno-strict-aliasing"; "-fwrapv"; "-fPIC" ]
#      ; ocamlopt_cppflags = [ "-D_FILE_OFFSET_BITS=64"; "-D_REENTRANT" ]
#      ; bytecomp_c_compiler =
#          [ "gcc"
#          ; "-O2"
#          ; "-fno-strict-aliasing"
#          ; "-fwrapv"
#          ; "-fPIC"
#          ; "-D_FILE_OFFSET_BITS=64"
#          ; "-D_REENTRANT"
#          ]
#      ; bytecomp_c_libraries = [ "-lm"; "-ldl"; "-lpthread" ]
#      ; native_c_compiler =
#          [ "gcc"
#          ; "-O2"
#          ; "-fno-strict-aliasing"
#          ; "-fwrapv"
#          ; "-fPIC"
#          ; "-D_FILE_OFFSET_BITS=64"
#          ; "-D_REENTRANT"
#          ]
#      ; native_c_libraries = [ "-lm"; "-ldl" ]
#      ; cc_profile = []
#      ; architecture = "amd64"
#      ; model = "default"
#      ; int_size = 63
#      ; word_size = 64
#      ; system = "linux"
#      ; asm = [ "as" ]
#      ; asm_cfi_supported = true
#      ; with_frame_pointers = false
#      ; ext_exe = ""
#      ; ext_obj = ".o"
#      ; ext_asm = ".s"
#      ; ext_lib = ".a"
#      ; ext_dll = ".so"
#      ; os_type = "Unix"
#      ; default_executable_name = "a.out"
#      ; systhread_supported = true
#      ; host = "x86_64-pc-linux-gnu"
#      ; target = "x86_64-pc-linux-gnu"
#      ; profiling = false
#      ; flambda = false
#      ; spacetime = false
#      ; safe_string = true
#      ; exec_magic_number = "Caml1999X029"
#      ; cmi_magic_number = "Caml1999I029"
#      ; cmo_magic_number = "Caml1999O029"
#      ; cma_magic_number = "Caml1999A029"
#      ; cmx_magic_number = "Caml1999Y029"
#      ; cmxa_magic_number = "Caml1999Z029"
#      ; ast_impl_magic_number = "Caml1999M029"
#      ; ast_intf_magic_number = "Caml1999N029"
#      ; cmxs_magic_number = "Caml1999D029"
#      ; cmt_magic_number = "Caml1999T029"
#      ; natdynlink_supported = true
#      ; supports_shared_libraries = true
#      ; windows_unicode = false
#      }
#  }
$ (cd _build/default && /home/hax/.opam/4.12.0/bin/ocamldep.opt -modules -impl src/lexer.ml) > _build/default/src/.p4a.objs/lexer.ml.d
$ (cd _build/default && /home/hax/.opam/4.12.0/bin/ocamlopt.opt -w @1..3@5..28@30..39@43@46..47@49..57@61..62-40 -strict-sequence -strict-formats -short-paths -keep-locs -w -27-32-33-34-39 -g -I src/.p4a.objs/byte -I src/.p4a.objs/native -intf-suffix .ml -no-alias-deps -opaque -open P4a -o src/.p4a.objs/native/p4a__Lexer.cmx -c -impl src/lexer.ml)
$ (cd _build/default && /home/hax/.opam/4.12.0/bin/ocamlopt.opt -w @1..3@5..28@30..39@43@46..47@49..57@61..62-40 -strict-sequence -strict-formats -short-paths -keep-locs -w -27-32-33-34-39 -g -a -o src/p4a.cmxa src/.p4a.objs/native/p4a.cmx src/.p4a.objs/native/p4a__TokenTypes.cmx src/.p4a.objs/native/p4a__Lexer.cmx src/.p4a.objs/native/p4a__MicroCamlTypes.cmx src/.p4a.objs/native/p4a__Utils.cmx src/.p4a.objs/native/p4a__Parser.cmx)
$ (cd _build/default && /home/hax/.opam/4.12.0/bin/ocamlopt.opt -w @1..3@5..28@30..39@43@46..47@49..57@61..62-40 -strict-sequence -strict-formats -short-paths -keep-locs -g -o test/public/public.exe /home/hax/.opam/4.12.0/lib/ocaml/str.cmxa -I /home/hax/.opam/4.12.0/lib/ocaml src/p4a.cmxa /home/hax/.opam/4.12.0/lib/ocaml/unix.cmxa -I /home/hax/.opam/4.12.0/lib/ocaml /home/hax/.opam/4.12.0/lib/stdlib-shims/stdlib_shims.cmxa /home/hax/.opam/4.12.0/lib/ounit2/advanced/oUnitAdvanced.cmxa /home/hax/.opam/4.12.0/lib/ounit2/oUnit.cmxa test/testUtils.cmxa test/public/.public.eobjs/native/dune__exe__Public.cmx)
$ (cd _build/default && /home/hax/.opam/4.12.0/bin/ocamlopt.opt -w @1..3@5..28@30..39@43@46..47@49..57@61..62-40 -strict-sequence -strict-formats -short-paths -keep-locs -g -o test/pbt/pbt.exe /home/hax/.opam/4.12.0/lib/ocaml/str.cmxa -I /home/hax/.opam/4.12.0/lib/ocaml src/p4a.cmxa /home/hax/.opam/4.12.0/lib/ocaml/unix.cmxa -I /home/hax/.opam/4.12.0/lib/ocaml /home/hax/.opam/4.12.0/lib/stdlib-shims/stdlib_shims.cmxa /home/hax/.opam/4.12.0/lib/ounit2/advanced/oUnitAdvanced.cmxa /home/hax/.opam/4.12.0/lib/ounit2/oUnit.cmxa /home/hax/.opam/4.12.0/lib/qcheck-core/qcheck_core.cmxa /home/hax/.opam/4.12.0/lib/qcheck-core/runner/qcheck_runner.cmxa /home/hax/.opam/4.12.0/lib/qcheck-ounit/qcheck_ounit.cmxa /home/hax/.opam/4.12.0/lib/qcheck/qcheck.cmxa test/testUtils.cmxa test/pbt/.pbt.eobjs/native/dune__exe__Pbt.cmx)
$ (cd _build/default/test/public && ./public.exe)
> EEE.......E.................FF
> ==============================================================================
> Error: public:11:public_rec_function_factorial.
>
> File "/mnt/c/Users/Haxorouse/Documents/GitHub/fall2022/project4a/_build/default/test/public/oUnit-public-Celestrium#04.log", line 5, characters 1-1:
> Error: public:11:public_rec_function_factorial (in the log).
>
> Raised at Stdlib.failwith in file "stdlib.ml", line 29, characters 17-33
> Called from Dune__exe__Public.public_rec_function_factorial in file "test/public/public.ml", line 92, characters 16-118
> Called from OUnitRunner.run_one_test.(fun) in file "src/lib/ounit2/advanced/oUnitRunner.ml", line 83, characters 13-26
>
> Failure("unimplemented")
> ------------------------------------------------------------------------------
> ==============================================================================
> Error: public:2:public_mutop_simple_def_and_let.
>
> File "/mnt/c/Users/Haxorouse/Documents/GitHub/fall2022/project4a/_build/default/test/public/oUnit-public-Celestrium#03.log", line 2, characters 1-1:
> Error: public:2:public_mutop_simple_def_and_let (in the log).
>
> Raised at Stdlib.failwith in file "stdlib.ml", line 29, characters 17-33
> Called from Dune__exe__Public.public_mutop_simple_def_and_let in file "test/public/public.ml", line 20, characters 16-83
> Called from OUnitRunner.run_one_test.(fun) in file "src/lib/ounit2/advanced/oUnitRunner.ml", line 83, characters 13-26
>
> Failure("unimplemented")
> ------------------------------------------------------------------------------
> ==============================================================================
> Error: public:1:public_mutop_pi_def.
>
> File "/mnt/c/Users/Haxorouse/Documents/GitHub/fall2022/project4a/_build/default/test/public/oUnit-public-Celestrium#02.log", line 2, characters 1-1:
> Error: public:1:public_mutop_pi_def (in the log).
>
> Raised at Stdlib.failwith in file "stdlib.ml", line 29, characters 17-33
> Called from Dune__exe__Public.public_mutop_pi_def in file "test/public/public.ml", line 14, characters 16-61
> Called from OUnitRunner.run_one_test.(fun) in file "src/lib/ounit2/advanced/oUnitRunner.ml", line 83, characters 13-26
>
> Failure("unimplemented")
> ------------------------------------------------------------------------------
> ==============================================================================
> Error: public:0:public_nothing.
>
> File "/mnt/c/Users/Haxorouse/Documents/GitHub/fall2022/project4a/_build/default/test/public/oUnit-public-Celestrium#01.log", line 2, characters 1-1:
> Error: public:0:public_nothing (in the log).
>
> Raised at Stdlib.failwith in file "stdlib.ml", line 29, characters 17-33
> Called from Dune__exe__Public.public_nothing in file "test/public/public.ml", line 9, characters 16-47
> Called from OUnitRunner.run_one_test.(fun) in file "src/lib/ounit2/advanced/oUnitRunner.ml", line 83, characters 13-26
>
> Failure("unimplemented")
> ------------------------------------------------------------------------------
> ==============================================================================
> Error: public:29:public_err_mutop_nested_def.
>
> File "/mnt/c/Users/Haxorouse/Documents/GitHub/fall2022/project4a/_build/default/test/public/oUnit-public-Celestrium#05.log", line 11, characters 1-1:
> Error: public:29:public_err_mutop_nested_def (in the log).
>
> Raised at OUnitAssert.assert_failure in file "src/lib/ounit2/advanced/oUnitAssert.ml", line 45, characters 2-27
> Called from OUnitRunner.run_one_test.(fun) in file "src/lib/ounit2/advanced/oUnitRunner.ml", line 83, characters 13-26
>
> Got Failure("unimplemented"), expected InvalidInputException
> ------------------------------------------------------------------------------
> ==============================================================================
> Error: public:28:public_err_def_not_top_level.
>
> File "/mnt/c/Users/Haxorouse/Documents/GitHub/fall2022/project4a/_build/default/test/public/oUnit-public-Celestrium#08.log", line 8, characters 1-1:
> Error: public:28:public_err_def_not_top_level (in the log).
>
> Raised at OUnitAssert.assert_failure in file "src/lib/ounit2/advanced/oUnitAssert.ml", line 45, characters 2-27
> Called from OUnitRunner.run_one_test.(fun) in file "src/lib/ounit2/advanced/oUnitRunner.ml", line 83, characters 13-26
>
> Got Failure("unimplemented"), expected InvalidInputException
> ------------------------------------------------------------------------------
> Ran: 30 tests in: 0.15 seconds.
> FAILED: Cases: 30 Tried: 30 Errors: 4 Failures: 2 Skip:  0 Todo: 0 Timeouts: 0.
[1]
$ (cd _build/default/test/pbt && ./pbt.exe)
> E...
> ==============================================================================
> Error: pbt:0:test_simple_def.
>
> File "/mnt/c/Users/Haxorouse/Documents/GitHub/fall2022/project4a/_build/default/test/pbt/oUnit-pbt-Celestrium#01.log", line 13, characters 1-1:
> Error: pbt:0:test_simple_def (in the log).
>
> Raised at QCheck2.Test.check_result in file "src/core/QCheck2.ml", line 1762, characters 6-78
> Called from OUnitRunner.run_one_test.(fun) in file "src/lib/ounit2/advanced/oUnitRunner.ml", line 83, characters 13-26
>
> test `test_simple_def` raised exception `Failure("unimplemented")` on `0`
> Raised at Stdlib.failwith in file "stdlib.ml", line 29, characters 17-33
> Called from Dune__exe__Pbt.test_simple_def.(fun) in file "test/pbt/pbt.ml", line 14, characters 14-51
> Called from QCheck2.Test.run_law in file "src/core/QCheck2.ml", line 1410, characters 9-14
> Called from QCheck2.Test.check_state_input in file "src/core/QCheck2.ml", line 1533, characters 20-48
>
> ------------------------------------------------------------------------------
> Ran: 4 tests in: 0.12 seconds.
> FAILED: Cases: 4 Tried: 4 Errors: 1 Failures: 0 Skip:  0 Todo: 0 Timeouts: 0.
[1]
